{"/Users/mkpalm/CSE341_group_project/CSE341_group_project/controllers/books.js": {"path":"/Users/mkpalm/CSE341_group_project/CSE341_group_project/controllers/books.js","statementMap":{"0":{"start":{"line":1,"column":16},"end":{"line":1,"column":40}},"1":{"start":{"line":2,"column":17},"end":{"line":2,"column":44}},"2":{"start":{"line":4,"column":20},"end":{"line":22,"column":1}},"3":{"start":{"line":5,"column":2},"end":{"line":9,"column":3}},"4":{"start":{"line":6,"column":4},"end":{"line":6,"column":20}},"5":{"start":{"line":7,"column":4},"end":{"line":7,"column":39}},"6":{"start":{"line":8,"column":4},"end":{"line":8,"column":11}},"7":{"start":{"line":11,"column":19},"end":{"line":11,"column":62}},"8":{"start":{"line":12,"column":2},"end":{"line":21,"column":3}},"9":{"start":{"line":13,"column":4},"end":{"line":15,"column":79}},"10":{"start":{"line":17,"column":4},"end":{"line":20,"column":7}},"11":{"start":{"line":18,"column":6},"end":{"line":18,"column":56}},"12":{"start":{"line":19,"column":6},"end":{"line":19,"column":34}},"13":{"start":{"line":24,"column":20},"end":{"line":52,"column":1}},"14":{"start":{"line":25,"column":2},"end":{"line":28,"column":3}},"15":{"start":{"line":26,"column":4},"end":{"line":26,"column":51}},"16":{"start":{"line":27,"column":4},"end":{"line":27,"column":11}},"17":{"start":{"line":29,"column":2},"end":{"line":32,"column":3}},"18":{"start":{"line":30,"column":4},"end":{"line":30,"column":45}},"19":{"start":{"line":31,"column":4},"end":{"line":31,"column":11}},"20":{"start":{"line":33,"column":17},"end":{"line":33,"column":44}},"21":{"start":{"line":35,"column":2},"end":{"line":51,"column":3}},"22":{"start":{"line":36,"column":21},"end":{"line":36,"column":79}},"23":{"start":{"line":37,"column":4},"end":{"line":45,"column":5}},"24":{"start":{"line":38,"column":6},"end":{"line":38,"column":60}},"25":{"start":{"line":39,"column":6},"end":{"line":39,"column":13}},"26":{"start":{"line":41,"column":6},"end":{"line":44,"column":9}},"27":{"start":{"line":42,"column":8},"end":{"line":42,"column":58}},"28":{"start":{"line":43,"column":8},"end":{"line":43,"column":39}},"29":{"start":{"line":47,"column":4},"end":{"line":47,"column":20}},"30":{"start":{"line":48,"column":16},"end":{"line":48,"column":59}},"31":{"start":{"line":49,"column":4},"end":{"line":49,"column":18}},"32":{"start":{"line":50,"column":4},"end":{"line":50,"column":11}},"33":{"start":{"line":54,"column":16},"end":{"line":85,"column":1}},"34":{"start":{"line":55,"column":2},"end":{"line":59,"column":3}},"35":{"start":{"line":56,"column":4},"end":{"line":56,"column":20}},"36":{"start":{"line":57,"column":4},"end":{"line":57,"column":39}},"37":{"start":{"line":58,"column":4},"end":{"line":58,"column":11}},"38":{"start":{"line":61,"column":2},"end":{"line":64,"column":3}},"39":{"start":{"line":62,"column":4},"end":{"line":62,"column":87}},"40":{"start":{"line":63,"column":4},"end":{"line":63,"column":11}},"41":{"start":{"line":66,"column":15},"end":{"line":66,"column":39}},"42":{"start":{"line":68,"column":2},"end":{"line":84,"column":3}},"43":{"start":{"line":69,"column":21},"end":{"line":69,"column":73}},"44":{"start":{"line":70,"column":4},"end":{"line":78,"column":5}},"45":{"start":{"line":71,"column":6},"end":{"line":74,"column":9}},"46":{"start":{"line":72,"column":8},"end":{"line":72,"column":58}},"47":{"start":{"line":73,"column":8},"end":{"line":73,"column":39}},"48":{"start":{"line":76,"column":6},"end":{"line":76,"column":57}},"49":{"start":{"line":77,"column":6},"end":{"line":77,"column":13}},"50":{"start":{"line":80,"column":4},"end":{"line":80,"column":20}},"51":{"start":{"line":81,"column":16},"end":{"line":81,"column":59}},"52":{"start":{"line":82,"column":4},"end":{"line":82,"column":18}},"53":{"start":{"line":83,"column":4},"end":{"line":83,"column":11}},"54":{"start":{"line":87,"column":19},"end":{"line":123,"column":1}},"55":{"start":{"line":88,"column":2},"end":{"line":92,"column":3}},"56":{"start":{"line":89,"column":4},"end":{"line":89,"column":20}},"57":{"start":{"line":90,"column":4},"end":{"line":90,"column":39}},"58":{"start":{"line":91,"column":4},"end":{"line":91,"column":11}},"59":{"start":{"line":93,"column":2},"end":{"line":96,"column":3}},"60":{"start":{"line":94,"column":4},"end":{"line":94,"column":51}},"61":{"start":{"line":95,"column":4},"end":{"line":95,"column":11}},"62":{"start":{"line":98,"column":2},"end":{"line":101,"column":3}},"63":{"start":{"line":99,"column":4},"end":{"line":99,"column":68}},"64":{"start":{"line":100,"column":4},"end":{"line":100,"column":11}},"65":{"start":{"line":103,"column":17},"end":{"line":103,"column":44}},"66":{"start":{"line":104,"column":15},"end":{"line":104,"column":39}},"67":{"start":{"line":106,"column":2},"end":{"line":122,"column":3}},"68":{"start":{"line":107,"column":21},"end":{"line":107,"column":91}},"69":{"start":{"line":108,"column":4},"end":{"line":116,"column":5}},"70":{"start":{"line":109,"column":6},"end":{"line":112,"column":9}},"71":{"start":{"line":110,"column":8},"end":{"line":110,"column":58}},"72":{"start":{"line":111,"column":8},"end":{"line":111,"column":39}},"73":{"start":{"line":114,"column":6},"end":{"line":114,"column":59}},"74":{"start":{"line":115,"column":6},"end":{"line":115,"column":13}},"75":{"start":{"line":118,"column":4},"end":{"line":118,"column":20}},"76":{"start":{"line":119,"column":16},"end":{"line":119,"column":59}},"77":{"start":{"line":120,"column":4},"end":{"line":120,"column":18}},"78":{"start":{"line":121,"column":4},"end":{"line":121,"column":11}},"79":{"start":{"line":125,"column":19},"end":{"line":145,"column":1}},"80":{"start":{"line":126,"column":2},"end":{"line":130,"column":3}},"81":{"start":{"line":127,"column":4},"end":{"line":127,"column":20}},"82":{"start":{"line":128,"column":4},"end":{"line":128,"column":39}},"83":{"start":{"line":129,"column":4},"end":{"line":129,"column":11}},"84":{"start":{"line":132,"column":17},"end":{"line":132,"column":44}},"85":{"start":{"line":133,"column":19},"end":{"line":135,"column":37}},"86":{"start":{"line":136,"column":2},"end":{"line":144,"column":3}},"87":{"start":{"line":137,"column":4},"end":{"line":137,"column":35}},"88":{"start":{"line":139,"column":4},"end":{"line":143,"column":8}},"89":{"start":{"line":147,"column":0},"end":{"line":153,"column":2}},"90":{"start":{"line":157,"column":22},"end":{"line":157,"column":68}},"91":{"start":{"line":158,"column":24},"end":{"line":158,"column":111}},"92":{"start":{"line":158,"column":50},"end":{"line":158,"column":110}},"93":{"start":{"line":159,"column":2},"end":{"line":169,"column":3}},"94":{"start":{"line":160,"column":4},"end":{"line":160,"column":66}},"95":{"start":{"line":161,"column":4},"end":{"line":161,"column":11}},"96":{"start":{"line":163,"column":4},"end":{"line":168,"column":6}},"97":{"start":{"line":170,"column":2},"end":{"line":170,"column":14}}},"fnMap":{"0":{"name":"(anonymous_0)","decl":{"start":{"line":4,"column":20},"end":{"line":4,"column":21}},"loc":{"start":{"line":4,"column":40},"end":{"line":22,"column":1}},"line":4},"1":{"name":"(anonymous_1)","decl":{"start":{"line":17,"column":28},"end":{"line":17,"column":29}},"loc":{"start":{"line":17,"column":39},"end":{"line":20,"column":5}},"line":17},"2":{"name":"(anonymous_2)","decl":{"start":{"line":24,"column":20},"end":{"line":24,"column":21}},"loc":{"start":{"line":24,"column":40},"end":{"line":52,"column":1}},"line":24},"3":{"name":"(anonymous_3)","decl":{"start":{"line":41,"column":30},"end":{"line":41,"column":31}},"loc":{"start":{"line":41,"column":41},"end":{"line":44,"column":7}},"line":41},"4":{"name":"(anonymous_4)","decl":{"start":{"line":54,"column":16},"end":{"line":54,"column":17}},"loc":{"start":{"line":54,"column":36},"end":{"line":85,"column":1}},"line":54},"5":{"name":"(anonymous_5)","decl":{"start":{"line":71,"column":30},"end":{"line":71,"column":31}},"loc":{"start":{"line":71,"column":41},"end":{"line":74,"column":7}},"line":71},"6":{"name":"(anonymous_6)","decl":{"start":{"line":87,"column":19},"end":{"line":87,"column":20}},"loc":{"start":{"line":87,"column":39},"end":{"line":123,"column":1}},"line":87},"7":{"name":"(anonymous_7)","decl":{"start":{"line":109,"column":30},"end":{"line":109,"column":31}},"loc":{"start":{"line":109,"column":41},"end":{"line":112,"column":7}},"line":109},"8":{"name":"(anonymous_8)","decl":{"start":{"line":125,"column":19},"end":{"line":125,"column":20}},"loc":{"start":{"line":125,"column":39},"end":{"line":145,"column":1}},"line":125},"9":{"name":"validateFields","decl":{"start":{"line":155,"column":9},"end":{"line":155,"column":23}},"loc":{"start":{"line":155,"column":34},"end":{"line":171,"column":1}},"line":155},"10":{"name":"(anonymous_10)","decl":{"start":{"line":158,"column":43},"end":{"line":158,"column":44}},"loc":{"start":{"line":158,"column":50},"end":{"line":158,"column":110}},"line":158}},"branchMap":{"0":{"loc":{"start":{"line":5,"column":2},"end":{"line":9,"column":3}},"type":"if","locations":[{"start":{"line":5,"column":2},"end":{"line":9,"column":3}},{"start":{},"end":{}}],"line":5},"1":{"loc":{"start":{"line":12,"column":2},"end":{"line":21,"column":3}},"type":"if","locations":[{"start":{"line":12,"column":2},"end":{"line":21,"column":3}},{"start":{"line":16,"column":9},"end":{"line":21,"column":3}}],"line":12},"2":{"loc":{"start":{"line":15,"column":12},"end":{"line":15,"column":77}},"type":"binary-expr","locations":[{"start":{"line":15,"column":12},"end":{"line":15,"column":26}},{"start":{"line":15,"column":30},"end":{"line":15,"column":77}}],"line":15},"3":{"loc":{"start":{"line":25,"column":2},"end":{"line":28,"column":3}},"type":"if","locations":[{"start":{"line":25,"column":2},"end":{"line":28,"column":3}},{"start":{},"end":{}}],"line":25},"4":{"loc":{"start":{"line":29,"column":2},"end":{"line":32,"column":3}},"type":"if","locations":[{"start":{"line":29,"column":2},"end":{"line":32,"column":3}},{"start":{},"end":{}}],"line":29},"5":{"loc":{"start":{"line":37,"column":4},"end":{"line":45,"column":5}},"type":"if","locations":[{"start":{"line":37,"column":4},"end":{"line":45,"column":5}},{"start":{"line":40,"column":11},"end":{"line":45,"column":5}}],"line":37},"6":{"loc":{"start":{"line":55,"column":2},"end":{"line":59,"column":3}},"type":"if","locations":[{"start":{"line":55,"column":2},"end":{"line":59,"column":3}},{"start":{},"end":{}}],"line":55},"7":{"loc":{"start":{"line":61,"column":2},"end":{"line":64,"column":3}},"type":"if","locations":[{"start":{"line":61,"column":2},"end":{"line":64,"column":3}},{"start":{},"end":{}}],"line":61},"8":{"loc":{"start":{"line":70,"column":4},"end":{"line":78,"column":5}},"type":"if","locations":[{"start":{"line":70,"column":4},"end":{"line":78,"column":5}},{"start":{"line":75,"column":11},"end":{"line":78,"column":5}}],"line":70},"9":{"loc":{"start":{"line":88,"column":2},"end":{"line":92,"column":3}},"type":"if","locations":[{"start":{"line":88,"column":2},"end":{"line":92,"column":3}},{"start":{},"end":{}}],"line":88},"10":{"loc":{"start":{"line":93,"column":2},"end":{"line":96,"column":3}},"type":"if","locations":[{"start":{"line":93,"column":2},"end":{"line":96,"column":3}},{"start":{},"end":{}}],"line":93},"11":{"loc":{"start":{"line":98,"column":2},"end":{"line":101,"column":3}},"type":"if","locations":[{"start":{"line":98,"column":2},"end":{"line":101,"column":3}},{"start":{},"end":{}}],"line":98},"12":{"loc":{"start":{"line":108,"column":4},"end":{"line":116,"column":5}},"type":"if","locations":[{"start":{"line":108,"column":4},"end":{"line":116,"column":5}},{"start":{"line":113,"column":11},"end":{"line":116,"column":5}}],"line":108},"13":{"loc":{"start":{"line":126,"column":2},"end":{"line":130,"column":3}},"type":"if","locations":[{"start":{"line":126,"column":2},"end":{"line":130,"column":3}},{"start":{},"end":{}}],"line":126},"14":{"loc":{"start":{"line":136,"column":2},"end":{"line":144,"column":3}},"type":"if","locations":[{"start":{"line":136,"column":2},"end":{"line":144,"column":3}},{"start":{"line":138,"column":9},"end":{"line":144,"column":3}}],"line":136},"15":{"loc":{"start":{"line":142,"column":8},"end":{"line":142,"column":78}},"type":"binary-expr","locations":[{"start":{"line":142,"column":8},"end":{"line":142,"column":22}},{"start":{"line":142,"column":26},"end":{"line":142,"column":78}}],"line":142},"16":{"loc":{"start":{"line":158,"column":50},"end":{"line":158,"column":110}},"type":"binary-expr","locations":[{"start":{"line":158,"column":50},"end":{"line":158,"column":86}},{"start":{"line":158,"column":90},"end":{"line":158,"column":110}}],"line":158},"17":{"loc":{"start":{"line":159,"column":2},"end":{"line":169,"column":3}},"type":"if","locations":[{"start":{"line":159,"column":2},"end":{"line":169,"column":3}},{"start":{"line":162,"column":9},"end":{"line":169,"column":3}}],"line":159}},"s":{"0":1,"1":1,"2":1,"3":1,"4":1,"5":1,"6":1,"7":0,"8":0,"9":0,"10":0,"11":0,"12":0,"13":1,"14":5,"15":1,"16":1,"17":4,"18":1,"19":1,"20":3,"21":3,"22":3,"23":2,"24":1,"25":1,"26":1,"27":1,"28":1,"29":1,"30":1,"31":1,"32":1,"33":1,"34":6,"35":1,"36":1,"37":1,"38":5,"39":1,"40":1,"41":4,"42":4,"43":4,"44":2,"45":1,"46":1,"47":1,"48":1,"49":1,"50":2,"51":2,"52":2,"53":2,"54":1,"55":7,"56":1,"57":1,"58":1,"59":6,"60":1,"61":1,"62":5,"63":1,"64":1,"65":4,"66":4,"67":4,"68":4,"69":2,"70":1,"71":1,"72":1,"73":1,"74":1,"75":2,"76":2,"77":2,"78":2,"79":1,"80":1,"81":1,"82":1,"83":1,"84":0,"85":0,"86":0,"87":0,"88":0,"89":1,"90":8,"91":8,"92":32,"93":8,"94":2,"95":2,"96":6,"97":6},"f":{"0":1,"1":0,"2":5,"3":1,"4":6,"5":1,"6":7,"7":1,"8":1,"9":8,"10":32},"b":{"0":[1,0],"1":[0,0],"2":[0,0],"3":[1,4],"4":[1,3],"5":[1,1],"6":[1,5],"7":[1,4],"8":[1,1],"9":[1,6],"10":[1,5],"11":[1,4],"12":[1,1],"13":[1,0],"14":[0,0],"15":[0,0],"16":[32,27],"17":[2,6]},"_coverageSchema":"1a1c01bbd47fc00a2c39e90264f33305004495a9","hash":"39c8ab2096d6ae9c025897b371e8a942016712a3"}
,"/Users/mkpalm/CSE341_group_project/CSE341_group_project/db/connect.js": {"path":"/Users/mkpalm/CSE341_group_project/CSE341_group_project/db/connect.js","statementMap":{"0":{"start":{"line":1,"column":15},"end":{"line":1,"column":32}},"1":{"start":{"line":2,"column":0},"end":{"line":2,"column":16}},"2":{"start":{"line":3,"column":20},"end":{"line":3,"column":50}},"3":{"start":{"line":7,"column":15},"end":{"line":20,"column":1}},"4":{"start":{"line":8,"column":2},"end":{"line":11,"column":3}},"5":{"start":{"line":9,"column":4},"end":{"line":9,"column":44}},"6":{"start":{"line":10,"column":4},"end":{"line":10,"column":31}},"7":{"start":{"line":12,"column":2},"end":{"line":19,"column":7}},"8":{"start":{"line":14,"column":6},"end":{"line":14,"column":19}},"9":{"start":{"line":15,"column":6},"end":{"line":15,"column":26}},"10":{"start":{"line":18,"column":6},"end":{"line":18,"column":20}},"11":{"start":{"line":22,"column":14},"end":{"line":27,"column":1}},"12":{"start":{"line":23,"column":2},"end":{"line":25,"column":3}},"13":{"start":{"line":24,"column":4},"end":{"line":24,"column":38}},"14":{"start":{"line":26,"column":2},"end":{"line":26,"column":13}},"15":{"start":{"line":29,"column":22},"end":{"line":34,"column":1}},"16":{"start":{"line":30,"column":2},"end":{"line":32,"column":3}},"17":{"start":{"line":31,"column":4},"end":{"line":31,"column":38}},"18":{"start":{"line":33,"column":2},"end":{"line":33,"column":41}},"19":{"start":{"line":36,"column":0},"end":{"line":39,"column":2}}},"fnMap":{"0":{"name":"(anonymous_0)","decl":{"start":{"line":7,"column":15},"end":{"line":7,"column":16}},"loc":{"start":{"line":7,"column":29},"end":{"line":20,"column":1}},"line":7},"1":{"name":"(anonymous_1)","decl":{"start":{"line":13,"column":10},"end":{"line":13,"column":11}},"loc":{"start":{"line":13,"column":22},"end":{"line":16,"column":5}},"line":13},"2":{"name":"(anonymous_2)","decl":{"start":{"line":17,"column":11},"end":{"line":17,"column":12}},"loc":{"start":{"line":17,"column":20},"end":{"line":19,"column":5}},"line":17},"3":{"name":"(anonymous_3)","decl":{"start":{"line":22,"column":14},"end":{"line":22,"column":15}},"loc":{"start":{"line":22,"column":20},"end":{"line":27,"column":1}},"line":22},"4":{"name":"(anonymous_4)","decl":{"start":{"line":29,"column":22},"end":{"line":29,"column":23}},"loc":{"start":{"line":29,"column":38},"end":{"line":34,"column":1}},"line":29}},"branchMap":{"0":{"loc":{"start":{"line":8,"column":2},"end":{"line":11,"column":3}},"type":"if","locations":[{"start":{"line":8,"column":2},"end":{"line":11,"column":3}},{"start":{},"end":{}}],"line":8},"1":{"loc":{"start":{"line":23,"column":2},"end":{"line":25,"column":3}},"type":"if","locations":[{"start":{"line":23,"column":2},"end":{"line":25,"column":3}},{"start":{},"end":{}}],"line":23},"2":{"loc":{"start":{"line":30,"column":2},"end":{"line":32,"column":3}},"type":"if","locations":[{"start":{"line":30,"column":2},"end":{"line":32,"column":3}},{"start":{},"end":{}}],"line":30}},"s":{"0":1,"1":1,"2":1,"3":1,"4":0,"5":0,"6":0,"7":0,"8":0,"9":0,"10":0,"11":1,"12":0,"13":0,"14":0,"15":1,"16":0,"17":0,"18":0,"19":1},"f":{"0":0,"1":0,"2":0,"3":0,"4":0},"b":{"0":[0,0],"1":[0,0],"2":[0,0]},"_coverageSchema":"1a1c01bbd47fc00a2c39e90264f33305004495a9","hash":"24ee9b09c1b984a13a5ffe6d73742a4d83dc735e"}
}
