TN:
SF:controllers/books.js
FN:4,(anonymous_0)
FN:17,(anonymous_1)
FN:24,(anonymous_2)
FN:41,(anonymous_3)
FN:54,(anonymous_4)
FN:71,(anonymous_5)
FN:87,(anonymous_6)
FN:109,(anonymous_7)
FN:125,(anonymous_8)
FN:155,validateFields
FN:158,(anonymous_10)
FNF:11
FNH:10
FNDA:1,(anonymous_0)
FNDA:0,(anonymous_1)
FNDA:5,(anonymous_2)
FNDA:1,(anonymous_3)
FNDA:6,(anonymous_4)
FNDA:1,(anonymous_5)
FNDA:7,(anonymous_6)
FNDA:1,(anonymous_7)
FNDA:1,(anonymous_8)
FNDA:8,validateFields
FNDA:32,(anonymous_10)
DA:1,1
DA:2,1
DA:4,1
DA:5,1
DA:6,1
DA:7,1
DA:8,1
DA:11,0
DA:12,0
DA:13,0
DA:17,0
DA:18,0
DA:19,0
DA:24,1
DA:25,5
DA:26,1
DA:27,1
DA:29,4
DA:30,1
DA:31,1
DA:33,3
DA:35,3
DA:36,3
DA:37,2
DA:38,1
DA:39,1
DA:41,1
DA:42,1
DA:43,1
DA:47,1
DA:48,1
DA:49,1
DA:50,1
DA:54,1
DA:55,6
DA:56,1
DA:57,1
DA:58,1
DA:61,5
DA:62,1
DA:63,1
DA:66,4
DA:68,4
DA:69,4
DA:70,2
DA:71,1
DA:72,1
DA:73,1
DA:76,1
DA:77,1
DA:80,2
DA:81,2
DA:82,2
DA:83,2
DA:87,1
DA:88,7
DA:89,1
DA:90,1
DA:91,1
DA:93,6
DA:94,1
DA:95,1
DA:98,5
DA:99,1
DA:100,1
DA:103,4
DA:104,4
DA:106,4
DA:107,4
DA:108,2
DA:109,1
DA:110,1
DA:111,1
DA:114,1
DA:115,1
DA:118,2
DA:119,2
DA:120,2
DA:121,2
DA:125,1
DA:126,1
DA:127,1
DA:128,1
DA:129,1
DA:132,0
DA:133,0
DA:136,0
DA:137,0
DA:139,0
DA:147,1
DA:157,8
DA:158,32
DA:159,8
DA:160,2
DA:161,2
DA:163,6
DA:170,6
LF:97
LH:86
BRDA:5,0,0,1
BRDA:5,0,1,0
BRDA:12,1,0,0
BRDA:12,1,1,0
BRDA:15,2,0,0
BRDA:15,2,1,0
BRDA:25,3,0,1
BRDA:25,3,1,4
BRDA:29,4,0,1
BRDA:29,4,1,3
BRDA:37,5,0,1
BRDA:37,5,1,1
BRDA:55,6,0,1
BRDA:55,6,1,5
BRDA:61,7,0,1
BRDA:61,7,1,4
BRDA:70,8,0,1
BRDA:70,8,1,1
BRDA:88,9,0,1
BRDA:88,9,1,6
BRDA:93,10,0,1
BRDA:93,10,1,5
BRDA:98,11,0,1
BRDA:98,11,1,4
BRDA:108,12,0,1
BRDA:108,12,1,1
BRDA:126,13,0,1
BRDA:126,13,1,0
BRDA:136,14,0,0
BRDA:136,14,1,0
BRDA:142,15,0,0
BRDA:142,15,1,0
BRDA:158,16,0,32
BRDA:158,16,1,27
BRDA:159,17,0,2
BRDA:159,17,1,6
BRF:36
BRH:26
end_of_record
TN:
SF:db/connect.js
FN:7,(anonymous_0)
FN:13,(anonymous_1)
FN:17,(anonymous_2)
FN:22,(anonymous_3)
FN:29,(anonymous_4)
FNF:5
FNH:0
FNDA:0,(anonymous_0)
FNDA:0,(anonymous_1)
FNDA:0,(anonymous_2)
FNDA:0,(anonymous_3)
FNDA:0,(anonymous_4)
DA:1,1
DA:2,1
DA:3,1
DA:7,1
DA:8,0
DA:9,0
DA:10,0
DA:12,0
DA:14,0
DA:15,0
DA:18,0
DA:22,1
DA:23,0
DA:24,0
DA:26,0
DA:29,1
DA:30,0
DA:31,0
DA:33,0
DA:36,1
LF:20
LH:7
BRDA:8,0,0,0
BRDA:8,0,1,0
BRDA:23,1,0,0
BRDA:23,1,1,0
BRDA:30,2,0,0
BRDA:30,2,1,0
BRF:6
BRH:0
end_of_record
